#
# There is insufficient memory for the Java Runtime Environment to continue.
# Native memory allocation (mmap) failed to map 134217728 bytes for G1 virtual space
# Possible reasons:
#   The system is out of physical RAM or swap space
#   The process is running with CompressedOops enabled, and the Java Heap may be blocking the growth of the native heap
# Possible solutions:
#   Reduce memory load on the system
#   Increase physical memory or swap space
#   Check if swap backing store is full
#   Decrease Java heap size (-Xmx/-Xms)
#   Decrease number of Java threads
#   Decrease Java thread stack sizes (-Xss)
#   Set larger code cache with -XX:ReservedCodeCacheSize=
#   JVM is running with Unscaled Compressed Oops mode in which the Java heap is
#     placed in the first 4GB address space. The Java Heap base address is the
#     maximum limit for the native heap growth. Please use -XX:HeapBaseMinAddress
#     to set the Java Heap base and to place the Java Heap above 4GB virtual address.
# This output file may be truncated or incomplete.
#
#  Out of Memory Error (os_windows.cpp:3769), pid=15976, tid=14652
#
# JRE version:  (17.0.6) (build )
# Java VM: OpenJDK 64-Bit Server VM (17.0.6+0-b2043.56-10027231, mixed mode, sharing, tiered, compressed oops, compressed class ptrs, g1 gc, windows-amd64)
# No core dump will be written. Minidumps are not enabled by default on client versions of Windows
#

---------------  S U M M A R Y ------------

Command Line: org.jetbrains.kotlin.cli.jvm.K2JVMCompiler @C:\Users\Logo\AndroidStudioProjects\Wazaker\app\build\20231005_531096085939263610.compiler.options

Host: Intel(R) Core(TM) i5-6440HQ CPU @ 2.60GHz, 4 cores, 7G,  Windows 10 , 64 bit Build 19041 (10.0.19041.3393)
Time: Thu Oct  5 01:44:34 2023 Egypt Daylight Time elapsed time: 0.011141 seconds (0d 0h 0m 0s)

---------------  T H R E A D  ---------------

Current thread (0x0000021b3efea940):  JavaThread "Unknown thread" [_thread_in_vm, id=14652, stack(0x00000071d9900000,0x00000071d9a00000)]

Stack: [0x00000071d9900000,0x00000071d9a00000]
Native frames: (J=compiled Java code, j=interpreted, Vv=VM code, C=native code)
V  [jvm.dll+0x683c9a]
V  [jvm.dll+0x8427a4]
V  [jvm.dll+0x843f9e]
V  [jvm.dll+0x844603]
V  [jvm.dll+0x249b75]
V  [jvm.dll+0x680b69]
V  [jvm.dll+0x67505a]
V  [jvm.dll+0x309acb]
V  [jvm.dll+0x310f86]
V  [jvm.dll+0x3608ee]
V  [jvm.dll+0x360b1f]
V  [jvm.dll+0x2dfbf8]
V  [jvm.dll+0x2e0b64]
V  [jvm.dll+0x814091]
V  [jvm.dll+0x36e6a1]
V  [jvm.dll+0x7f35cc]
V  [jvm.dll+0x3f0e8f]
V  [jvm.dll+0x3f29d1]
C  [jli.dll+0x526b]
C  [ucrtbase.dll+0x21bb2]
C  [KERNEL32.DLL+0x17344]
C  [ntdll.dll+0x526b1]


---------------  P R O C E S S  ---------------

Threads class SMR info:
_java_thread_list=0x00007ffa30ccc058, length=0, elements={
}

Java Threads: ( => current thread )

Other Threads:
  0x0000021b3f046ad0 GCTaskThread "GC Thread#0" [stack: 0x00000071d9a00000,0x00000071d9b00000] [id=1640]
  0x0000021b3f0575e0 ConcurrentGCThread "G1 Main Marker" [stack: 0x00000071d9b00000,0x00000071d9c00000] [id=4208]
  0x0000021b3f0586a0 ConcurrentGCThread "G1 Conc#0" [stack: 0x00000071d9c00000,0x00000071d9d00000] [id=14068]

[error occurred during error reporting (printing all threads), id 0xc0000005, EXCEPTION_ACCESS_VIOLATION (0xc0000005) at pc=0x00007ffa30480797]

VM state: not at safepoint (not fully initialized)

VM Mutex/Monitor currently owned by a thread:  ([mutex/lock_event])
[0x0000021b3efe8980] Heap_lock - owner thread: 0x0000021b3efea940

Heap address: 0x0000000081a00000, size: 2022 MB, Compressed Oops mode: 32-bit

CDS archive(s) mapped at: [0x0000000000000000-0x0000000000000000-0x0000000000000000), size 0, SharedBaseAddress: 0x0000000800000000, ArchiveRelocationMode: 0.
Narrow klass base: 0x0000000000000000, Narrow klass shift: 0, Narrow klass range: 0x0

GC Precious Log:
<Empty>

Heap:
 garbage-first heap   total 0K, used 0K [0x0000000081a00000, 0x0000000100000000)
  region size 1024K, 0 young (0K), 0 survivors (0K)

[error occurred during error reporting (printing heap information), id 0xc0000005, EXCEPTION_ACCESS_VIOLATION (0xc0000005) at pc=0x00007ffa3086da89]

GC Heap History (0 events):
No events

Dll operation events (1 events):
Event: 0.007 Loaded shared library C:\Program Files\Android\Android Studio\jbr\bin\java.dll

Deoptimization events (0 events):
No events

Classes unloaded (0 events):
No events

Classes redefined (0 events):
No events

Internal exceptions (0 events):
No events

VM Operations (0 events):
No events

Events (0 events):
No events


Dynamic libraries:
0x00007ff6ddd60000 - 0x00007ff6ddd6a000 	C:\Program Files\Android\Android Studio\jbr\bin\java.exe
0x00007ffa8de90000 - 0x00007ffa8e088000 	C:\Windows\SYSTEM32\ntdll.dll
0x00007ffa8c210000 - 0x00007ffa8c2cd000 	C:\Windows\System32\KERNEL32.DLL
0x00007ffa8b570000 - 0x00007ffa8b866000 	C:\Windows\System32\KERNELBASE.dll
0x00007ffa8bc30000 - 0x00007ffa8bd30000 	C:\Windows\System32\ucrtbase.dll
0x00007ffa6c920000 - 0x00007ffa6c937000 	C:\Program Files\Android\Android Studio\jbr\bin\jli.dll
0x00007ffa6ba20000 - 0x00007ffa6ba3b000 	C:\Program Files\Android\Android Studio\jbr\bin\VCRUNTIME140.dll
0x00007ffa8d170000 - 0x00007ffa8d30e000 	C:\Windows\System32\USER32.dll
0x00007ffa8a8f0000 - 0x00007ffa8ab8a000 	C:\Windows\WinSxS\amd64_microsoft.windows.common-controls_6595b64144ccf1df_6.0.19041.1110_none_60b5254171f9507e\COMCTL32.dll
0x00007ffa8bec0000 - 0x00007ffa8bee2000 	C:\Windows\System32\win32u.dll
0x00007ffa8d570000 - 0x00007ffa8d59c000 	C:\Windows\System32\GDI32.dll
0x00007ffa8cc40000 - 0x00007ffa8ccde000 	C:\Windows\System32\msvcrt.dll
0x00007ffa8bb10000 - 0x00007ffa8bc2a000 	C:\Windows\System32\gdi32full.dll
0x00007ffa8b910000 - 0x00007ffa8b9ad000 	C:\Windows\System32\msvcp_win.dll
0x00007ffa8d6d0000 - 0x00007ffa8d700000 	C:\Windows\System32\IMM32.DLL
0x00007ffa786b0000 - 0x00007ffa786bc000 	C:\Program Files\Android\Android Studio\jbr\bin\vcruntime140_1.dll
0x00007ffa53d20000 - 0x00007ffa53dad000 	C:\Program Files\Android\Android Studio\jbr\bin\msvcp140.dll
0x00007ffa30190000 - 0x00007ffa30dfe000 	C:\Program Files\Android\Android Studio\jbr\bin\server\jvm.dll
0x00007ffa8d5a0000 - 0x00007ffa8d64e000 	C:\Windows\System32\ADVAPI32.dll
0x00007ffa8c710000 - 0x00007ffa8c7ac000 	C:\Windows\System32\sechost.dll
0x00007ffa8c560000 - 0x00007ffa8c686000 	C:\Windows\System32\RPCRT4.dll
0x00007ffa7cd80000 - 0x00007ffa7cd89000 	C:\Windows\SYSTEM32\WSOCK32.dll
0x00007ffa73690000 - 0x00007ffa736b7000 	C:\Windows\SYSTEM32\WINMM.dll
0x00007ffa8c6a0000 - 0x00007ffa8c70b000 	C:\Windows\System32\WS2_32.dll
0x00007ffa851d0000 - 0x00007ffa851da000 	C:\Windows\SYSTEM32\VERSION.dll
0x00007ffa89090000 - 0x00007ffa890a2000 	C:\Windows\SYSTEM32\kernel.appcore.dll
0x00007ffa7cd70000 - 0x00007ffa7cd7a000 	C:\Program Files\Android\Android Studio\jbr\bin\jimage.dll
0x00007ffa8ae80000 - 0x00007ffa8b064000 	C:\Windows\SYSTEM32\DBGHELP.DLL
0x00007ffa8aca0000 - 0x00007ffa8acd4000 	C:\Windows\SYSTEM32\dbgcore.DLL
0x00007ffa8be30000 - 0x00007ffa8beb2000 	C:\Windows\System32\bcryptPrimitives.dll
0x00007ffa70f10000 - 0x00007ffa70f35000 	C:\Program Files\Android\Android Studio\jbr\bin\java.dll

dbghelp: loaded successfully - version: 4.0.5 - missing functions: none
symbol engine: initialized successfully - sym options: 0x614 - pdb path: .;C:\Program Files\Android\Android Studio\jbr\bin;C:\Windows\SYSTEM32;C:\Windows\WinSxS\amd64_microsoft.windows.common-controls_6595b64144ccf1df_6.0.19041.1110_none_60b5254171f9507e;C:\Program Files\Android\Android Studio\jbr\bin\server

VM Arguments:
java_command: org.jetbrains.kotlin.cli.jvm.K2JVMCompiler @C:\Users\Logo\AndroidStudioProjects\Wazaker\app\build\20231005_531096085939263610.compiler.options
java_class_path (initial): C:\Users\Logo\.gradle\caches\modules-2\files-2.1\org.jetbrains.kotlin\kotlin-compiler-embeddable\1.8.0\eb9118d4bcceaa2a94b2ae2a33a4ddba7c9a947f\kotlin-compiler-embeddable-1.8.0.jar;C:\Users\Logo\.gradle\caches\modules-2\files-2.1\org.jetbrains.kotlin\kotlin-stdlib\1.8.0\1796921c7a3e2e2665a83e6c8d33399336cd39bc\kotlin-stdlib-1.8.0.jar;C:\Users\Logo\.gradle\caches\modules-2\files-2.1\org.jetbrains.kotlin\kotlin-script-runtime\1.8.0\b2f7e760d283cb339974851c222a4c1d48f2d3d\kotlin-script-runtime-1.8.0.jar;C:\Users\Logo\.gradle\caches\modules-2\files-2.1\org.jetbrains.kotlin\kotlin-reflect\1.6.10\1cbe9c92c12a94eea200d23c2bbaedaf3daf5132\kotlin-reflect-1.6.10.jar;C:\Users\Logo\.gradle\caches\modules-2\files-2.1\org.jetbrains.kotlin\kotlin-daemon-embeddable\1.8.0\d255216c551685dc3a7e852b53617f5f01aaaa5c\kotlin-daemon-embeddable-1.8.0.jar;C:\Users\Logo\.gradle\caches\modules-2\files-2.1\org.jetbrains.intellij.deps\trove4j\1.0.20200330\3afb14d5f9ceb459d724e907a21145e8ff394f02\trove4j-1.0.20200330.jar;C:\Users\Logo\.gradle\caches\modules-2\files-2.1\net.java.dev.jna\jna\5.6.0\330f2244e9030119ab3030fc3fededc86713d9cc\jna-5.6.0.jar;C:\Users\Logo\.gradle\caches\modules-2\files-2.1\org.jetbrains.kotlin\kotlin-stdlib-common\1.8.0\f7197e7cc76453ac59f8b0f8d5137cc600becd36\kotlin-stdlib-common-1.8.0.jar;C:\Users\Logo\.gradle\caches\modules-2\files-2.1\org.jetbrains\annotations\13.0\919f0dfe192fb4e063e7dacadee7f8bb9a2672a9\annotations-13.0.jar
Launcher Type: SUN_STANDARD

[Global flags]
     intx CICompilerCount                          = 3                                         {product} {ergonomic}
     uint ConcGCThreads                            = 1                                         {product} {ergonomic}
     uint G1ConcRefinementThreads                  = 4                                         {product} {ergonomic}
   size_t G1HeapRegionSize                         = 1048576                                   {product} {ergonomic}
    uintx GCDrainStackTargetSize                   = 64                                        {product} {ergonomic}
   size_t InitialHeapSize                          = 134217728                                 {product} {ergonomic}
   size_t MarkStackSize                            = 4194304                                   {product} {ergonomic}
   size_t MaxHeapSize                              = 2120220672                                {product} {ergonomic}
   size_t MinHeapDeltaBytes                        = 1048576                                   {product} {ergonomic}
   size_t MinHeapSize                              = 8388608                                   {product} {ergonomic}
    uintx NonNMethodCodeHeapSize                   = 5832780                                {pd product} {ergonomic}
    uintx NonProfiledCodeHeapSize                  = 122912730                              {pd product} {ergonomic}
    uintx ProfiledCodeHeapSize                     = 122912730                              {pd product} {ergonomic}
    uintx ReservedCodeCacheSize                    = 251658240                              {pd product} {ergonomic}
     bool SegmentedCodeCache                       = true                                      {product} {ergonomic}
   size_t SoftMaxHeapSize                          = 2120220672                             {manageable} {ergonomic}
     bool UseCompressedClassPointers               = true                           {product lp64_product} {ergonomic}
     bool UseCompressedOops                        = true                           {product lp64_product} {ergonomic}
     bool UseG1GC                                  = true                                      {product} {ergonomic}
     bool UseLargePagesIndividualAllocation        = false                                  {pd product} {ergonomic}

Logging:
Log output configuration:
 #0: stdout all=warning uptime,level,tags
 #1: stderr all=off uptime,level,tags

Environment Variables:
JAVA_HOME=C:\Program Files\Java\jre-1.8
PATH=C:\Program Files\Common Files\Oracle\Java\javapath;C:\Program Files (x86)\Common Files\Oracle\Java\javapath;C:\Windows\system32;C:\Windows;C:\Windows\System32\Wbem;C:\Windows\System32\WindowsPowerShell\v1.0\;C:\Windows\System32\OpenSSH\;C:\Program Files\dotnet\;C:\Program Files\Java\jre-1.8\bin;C:\Program Files\Java\jdk-20\bin;C:\Program Files\Git\cmd;C:\Users\Logo\AppData\Local\Microsoft\WindowsApps;C:\Users\Logo\.dotnet\tools;C:\Users\Logo\AppData\Local\Programs\Microsoft VS Code\bin;C:\Program Files\Java\jre-1.8\bin;C:\MinGW\bin;C:\Program Files\Java\jdk-20\bin;
USERNAME=Logo
OS=Windows_NT
PROCESSOR_IDENTIFIER=Intel64 Family 6 Model 94 Stepping 3, GenuineIntel
TMP=C:\Users\Logo\AppData\Local\Temp
TEMP=C:\Users\Logo\AppData\Local\Temp


JNI global refs:

[error occurred during error reporting (JNI global references), id 0xc0000005, EXCEPTION_ACCESS_VIOLATION (0xc0000005) at pc=0x00007ffa30247a10]


---------------  S Y S T E M  ---------------

OS:
 Windows 10 , 64 bit Build 19041 (10.0.19041.3393)
OS uptime: 2 days 10:30 hours

CPU: total 4 (initial active 4) (4 cores per cpu, 1 threads per core) family 6 model 94 stepping 3 microcode 0xdc, cx8, cmov, fxsr, mmx, 3dnowpref, sse, sse2, sse3, ssse3, sse4.1, sse4.2, popcnt, lzcnt, tsc, tscinvbit, avx, avx2, aes, erms, clmul, bmi1, bmi2, rtm, adx, fma, vzeroupper, clflush, clflushopt

Memory: 4k page, system-wide physical 8083M (430M free)
TotalPageFile size 12179M (AvailPageFile size 43M)
current process WorkingSet (physical memory assigned to process): 10M, peak: 10M
current process commit charge ("private bytes"): 51M, peak: 179M

vm_info: OpenJDK 64-Bit Server VM (17.0.6+0-b2043.56-10027231) for windows-amd64 JRE (17.0.6+0-b2043.56-10027231), built on Apr 28 2023 00:43:19 by "androidbuild" with MS VC++ 16.10 / 16.11 (VS2019)

END.
